{"C:\\Users\\longwani\\OneDrive\\Desktop\\movie-reservation-system\\src\\app.js": {"path":"C:\\Users\\longwani\\OneDrive\\Desktop\\movie-reservation-system\\src\\app.js","statementMap":{"0":{"start":{"line":1,"column":16},"end":{"line":1,"column":34}},"1":{"start":{"line":2,"column":21},"end":{"line":2,"column":45}},"2":{"start":{"line":4,"column":20},"end":{"line":4,"column":45}},"3":{"start":{"line":5,"column":27},"end":{"line":5,"column":60}},"4":{"start":{"line":6,"column":19},"end":{"line":6,"column":43}},"5":{"start":{"line":9,"column":14},"end":{"line":9,"column":23}},"6":{"start":{"line":11,"column":2},"end":{"line":11,"column":50}},"7":{"start":{"line":12,"column":2},"end":{"line":12,"column":26}},"8":{"start":{"line":13,"column":2},"end":{"line":13,"column":26}},"9":{"start":{"line":15,"column":2},"end":{"line":15,"column":33}},"10":{"start":{"line":16,"column":2},"end":{"line":16,"column":40}},"11":{"start":{"line":17,"column":2},"end":{"line":17,"column":31}},"12":{"start":{"line":19,"column":2},"end":{"line":21,"column":5}},"13":{"start":{"line":20,"column":4},"end":{"line":20,"column":49}},"14":{"start":{"line":23,"column":2},"end":{"line":28,"column":5}},"15":{"start":{"line":24,"column":4},"end":{"line":27,"column":7}},"16":{"start":{"line":30,"column":2},"end":{"line":30,"column":13}},"17":{"start":{"line":33,"column":0},"end":{"line":33,"column":27}}},"fnMap":{"0":{"name":"createApp","decl":{"start":{"line":8,"column":9},"end":{"line":8,"column":18}},"loc":{"start":{"line":8,"column":21},"end":{"line":31,"column":1}},"line":8},"1":{"name":"(anonymous_1)","decl":{"start":{"line":19,"column":15},"end":{"line":19,"column":16}},"loc":{"start":{"line":19,"column":29},"end":{"line":21,"column":3}},"line":19},"2":{"name":"(anonymous_2)","decl":{"start":{"line":23,"column":10},"end":{"line":23,"column":11}},"loc":{"start":{"line":23,"column":24},"end":{"line":28,"column":3}},"line":23}},"branchMap":{},"s":{"0":1,"1":1,"2":1,"3":1,"4":1,"5":2,"6":2,"7":2,"8":2,"9":2,"10":2,"11":2,"12":2,"13":1,"14":2,"15":1,"16":2,"17":1},"f":{"0":2,"1":1,"2":1},"b":{},"_coverageSchema":"1a1c01bbd47fc00a2c39e90264f33305004495a9","hash":"b9d107f85a5132f0d4eacd6277c23dbac36ed6b0"}
,"C:\\Users\\longwani\\OneDrive\\Desktop\\movie-reservation-system\\src\\controllers\\admin-controller.js": {"path":"C:\\Users\\longwani\\OneDrive\\Desktop\\movie-reservation-system\\src\\controllers\\admin-controller.js","statementMap":{"0":{"start":{"line":1,"column":14},"end":{"line":1,"column":40}},"1":{"start":{"line":2,"column":14},"end":{"line":2,"column":40}},"2":{"start":{"line":3,"column":20},"end":{"line":3,"column":53}},"3":{"start":{"line":4,"column":17},"end":{"line":4,"column":45}},"4":{"start":{"line":5,"column":12},"end":{"line":5,"column":35}},"5":{"start":{"line":6,"column":32},"end":{"line":6,"column":65}},"6":{"start":{"line":7,"column":30},"end":{"line":7,"column":49}},"7":{"start":{"line":10,"column":2},"end":{"line":47,"column":3}},"8":{"start":{"line":11,"column":51},"end":{"line":11,"column":59}},"9":{"start":{"line":13,"column":18},"end":{"line":19,"column":5}},"10":{"start":{"line":20,"column":42},"end":{"line":20,"column":47}},"11":{"start":{"line":21,"column":4},"end":{"line":26,"column":7}},"12":{"start":{"line":27,"column":4},"end":{"line":32,"column":7}},"13":{"start":{"line":33,"column":4},"end":{"line":35,"column":79}},"14":{"start":{"line":37,"column":4},"end":{"line":41,"column":5}},"15":{"start":{"line":38,"column":6},"end":{"line":40,"column":56}},"16":{"start":{"line":42,"column":4},"end":{"line":42,"column":30}},"17":{"start":{"line":43,"column":4},"end":{"line":46,"column":7}},"18":{"start":{"line":51,"column":2},"end":{"line":81,"column":3}},"19":{"start":{"line":52,"column":30},"end":{"line":52,"column":38}},"20":{"start":{"line":53,"column":18},"end":{"line":53,"column":63}},"21":{"start":{"line":54,"column":42},"end":{"line":54,"column":47}},"22":{"start":{"line":55,"column":4},"end":{"line":60,"column":7}},"23":{"start":{"line":61,"column":4},"end":{"line":66,"column":7}},"24":{"start":{"line":67,"column":4},"end":{"line":69,"column":79}},"25":{"start":{"line":71,"column":4},"end":{"line":75,"column":5}},"26":{"start":{"line":72,"column":6},"end":{"line":74,"column":56}},"27":{"start":{"line":76,"column":4},"end":{"line":76,"column":30}},"28":{"start":{"line":77,"column":4},"end":{"line":80,"column":7}},"29":{"start":{"line":85,"column":18},"end":{"line":85,"column":47}},"30":{"start":{"line":86,"column":2},"end":{"line":111,"column":3}},"31":{"start":{"line":87,"column":4},"end":{"line":87,"column":37}},"32":{"start":{"line":88,"column":13},"end":{"line":88,"column":25}},"33":{"start":{"line":89,"column":18},"end":{"line":89,"column":51}},"34":{"start":{"line":91,"column":4},"end":{"line":91,"column":38}},"35":{"start":{"line":92,"column":4},"end":{"line":95,"column":7}},"36":{"start":{"line":97,"column":4},"end":{"line":102,"column":5}},"37":{"start":{"line":98,"column":6},"end":{"line":98,"column":39}},"38":{"start":{"line":99,"column":6},"end":{"line":101,"column":56}},"39":{"start":{"line":103,"column":4},"end":{"line":103,"column":37}},"40":{"start":{"line":104,"column":4},"end":{"line":104,"column":30}},"41":{"start":{"line":105,"column":4},"end":{"line":108,"column":7}},"42":{"start":{"line":110,"column":4},"end":{"line":110,"column":31}},"43":{"start":{"line":114,"column":2},"end":{"line":129,"column":3}},"44":{"start":{"line":115,"column":20},"end":{"line":115,"column":32}},"45":{"start":{"line":116,"column":18},"end":{"line":116,"column":60}},"46":{"start":{"line":117,"column":4},"end":{"line":117,"column":51}},"47":{"start":{"line":119,"column":4},"end":{"line":123,"column":5}},"48":{"start":{"line":120,"column":6},"end":{"line":122,"column":56}},"49":{"start":{"line":124,"column":4},"end":{"line":124,"column":30}},"50":{"start":{"line":125,"column":4},"end":{"line":128,"column":7}},"51":{"start":{"line":133,"column":2},"end":{"line":158,"column":3}},"52":{"start":{"line":134,"column":25},"end":{"line":134,"column":49}},"53":{"start":{"line":135,"column":24},"end":{"line":135,"column":76}},"54":{"start":{"line":136,"column":4},"end":{"line":141,"column":7}},"55":{"start":{"line":143,"column":4},"end":{"line":146,"column":7}},"56":{"start":{"line":148,"column":4},"end":{"line":152,"column":5}},"57":{"start":{"line":149,"column":6},"end":{"line":151,"column":56}},"58":{"start":{"line":153,"column":4},"end":{"line":153,"column":21}},"59":{"start":{"line":154,"column":4},"end":{"line":157,"column":7}},"60":{"start":{"line":161,"column":0},"end":{"line":167,"column":2}}},"fnMap":{"0":{"name":"registerAdmin","decl":{"start":{"line":9,"column":15},"end":{"line":9,"column":28}},"loc":{"start":{"line":9,"column":39},"end":{"line":48,"column":1}},"line":9},"1":{"name":"loginAdmin","decl":{"start":{"line":50,"column":15},"end":{"line":50,"column":25}},"loc":{"start":{"line":50,"column":36},"end":{"line":82,"column":1}},"line":50},"2":{"name":"deleteAdmin","decl":{"start":{"line":84,"column":15},"end":{"line":84,"column":26}},"loc":{"start":{"line":84,"column":37},"end":{"line":112,"column":1}},"line":84},"3":{"name":"checkListedMovies","decl":{"start":{"line":113,"column":15},"end":{"line":113,"column":32}},"loc":{"start":{"line":113,"column":43},"end":{"line":130,"column":1}},"line":113},"4":{"name":"refreshAccessToken","decl":{"start":{"line":132,"column":15},"end":{"line":132,"column":33}},"loc":{"start":{"line":132,"column":44},"end":{"line":159,"column":1}},"line":132}},"branchMap":{"0":{"loc":{"start":{"line":37,"column":4},"end":{"line":41,"column":5}},"type":"if","locations":[{"start":{"line":37,"column":4},"end":{"line":41,"column":5}},{"start":{},"end":{}}],"line":37},"1":{"loc":{"start":{"line":71,"column":4},"end":{"line":75,"column":5}},"type":"if","locations":[{"start":{"line":71,"column":4},"end":{"line":75,"column":5}},{"start":{},"end":{}}],"line":71},"2":{"loc":{"start":{"line":97,"column":4},"end":{"line":102,"column":5}},"type":"if","locations":[{"start":{"line":97,"column":4},"end":{"line":102,"column":5}},{"start":{},"end":{}}],"line":97},"3":{"loc":{"start":{"line":119,"column":4},"end":{"line":123,"column":5}},"type":"if","locations":[{"start":{"line":119,"column":4},"end":{"line":123,"column":5}},{"start":{},"end":{}}],"line":119},"4":{"loc":{"start":{"line":148,"column":4},"end":{"line":152,"column":5}},"type":"if","locations":[{"start":{"line":148,"column":4},"end":{"line":152,"column":5}},{"start":{},"end":{}}],"line":148}},"s":{"0":1,"1":1,"2":1,"3":1,"4":1,"5":1,"6":1,"7":0,"8":0,"9":0,"10":0,"11":0,"12":0,"13":0,"14":0,"15":0,"16":0,"17":0,"18":0,"19":0,"20":0,"21":0,"22":0,"23":0,"24":0,"25":0,"26":0,"27":0,"28":0,"29":0,"30":0,"31":0,"32":0,"33":0,"34":0,"35":0,"36":0,"37":0,"38":0,"39":0,"40":0,"41":0,"42":0,"43":0,"44":0,"45":0,"46":0,"47":0,"48":0,"49":0,"50":0,"51":0,"52":0,"53":0,"54":0,"55":0,"56":0,"57":0,"58":0,"59":0,"60":1},"f":{"0":0,"1":0,"2":0,"3":0,"4":0},"b":{"0":[0,0],"1":[0,0],"2":[0,0],"3":[0,0],"4":[0,0]},"_coverageSchema":"1a1c01bbd47fc00a2c39e90264f33305004495a9","hash":"eb39f7e764965deecfd51d6d509c372498b4c474"}
,"C:\\Users\\longwani\\OneDrive\\Desktop\\movie-reservation-system\\src\\controllers\\movie-controller.js": {"path":"C:\\Users\\longwani\\OneDrive\\Desktop\\movie-reservation-system\\src\\controllers\\movie-controller.js","statementMap":{"0":{"start":{"line":1,"column":14},"end":{"line":1,"column":40}},"1":{"start":{"line":2,"column":14},"end":{"line":2,"column":40}},"2":{"start":{"line":3,"column":20},"end":{"line":3,"column":53}},"3":{"start":{"line":4,"column":17},"end":{"line":4,"column":45}},"4":{"start":{"line":5,"column":17},"end":{"line":5,"column":36}},"5":{"start":{"line":8,"column":2},"end":{"line":15,"column":3}},"6":{"start":{"line":9,"column":20},"end":{"line":9,"column":68}},"7":{"start":{"line":10,"column":4},"end":{"line":10,"column":66}},"8":{"start":{"line":11,"column":4},"end":{"line":11,"column":68}},"9":{"start":{"line":13,"column":4},"end":{"line":13,"column":30}},"10":{"start":{"line":14,"column":4},"end":{"line":14,"column":74}},"11":{"start":{"line":19,"column":2},"end":{"line":28,"column":3}},"12":{"start":{"line":20,"column":17},"end":{"line":20,"column":44}},"13":{"start":{"line":21,"column":18},"end":{"line":21,"column":46}},"14":{"start":{"line":22,"column":17},"end":{"line":22,"column":35}},"15":{"start":{"line":23,"column":18},"end":{"line":23,"column":58}},"16":{"start":{"line":24,"column":4},"end":{"line":24,"column":32}},"17":{"start":{"line":26,"column":4},"end":{"line":26,"column":30}},"18":{"start":{"line":27,"column":4},"end":{"line":27,"column":74}},"19":{"start":{"line":32,"column":2},"end":{"line":46,"column":3}},"20":{"start":{"line":33,"column":19},"end":{"line":33,"column":29}},"21":{"start":{"line":34,"column":15},"end":{"line":34,"column":23}},"22":{"start":{"line":35,"column":18},"end":{"line":35,"column":71}},"23":{"start":{"line":37,"column":4},"end":{"line":37,"column":58}},"24":{"start":{"line":39,"column":4},"end":{"line":43,"column":5}},"25":{"start":{"line":40,"column":6},"end":{"line":42,"column":56}},"26":{"start":{"line":44,"column":4},"end":{"line":44,"column":30}},"27":{"start":{"line":45,"column":4},"end":{"line":45,"column":74}},"28":{"start":{"line":50,"column":18},"end":{"line":50,"column":47}},"29":{"start":{"line":51,"column":2},"end":{"line":69,"column":3}},"30":{"start":{"line":52,"column":4},"end":{"line":52,"column":37}},"31":{"start":{"line":53,"column":19},"end":{"line":53,"column":29}},"32":{"start":{"line":54,"column":18},"end":{"line":54,"column":74}},"33":{"start":{"line":55,"column":4},"end":{"line":55,"column":38}},"34":{"start":{"line":56,"column":4},"end":{"line":56,"column":58}},"35":{"start":{"line":58,"column":4},"end":{"line":63,"column":5}},"36":{"start":{"line":59,"column":6},"end":{"line":59,"column":39}},"37":{"start":{"line":60,"column":6},"end":{"line":62,"column":56}},"38":{"start":{"line":64,"column":4},"end":{"line":64,"column":37}},"39":{"start":{"line":65,"column":4},"end":{"line":65,"column":30}},"40":{"start":{"line":66,"column":4},"end":{"line":66,"column":74}},"41":{"start":{"line":68,"column":4},"end":{"line":68,"column":31}},"42":{"start":{"line":73,"column":2},"end":{"line":85,"column":3}},"43":{"start":{"line":74,"column":21},"end":{"line":74,"column":30}},"44":{"start":{"line":75,"column":18},"end":{"line":75,"column":58}},"45":{"start":{"line":76,"column":4},"end":{"line":76,"column":32}},"46":{"start":{"line":78,"column":4},"end":{"line":82,"column":5}},"47":{"start":{"line":79,"column":6},"end":{"line":81,"column":56}},"48":{"start":{"line":83,"column":4},"end":{"line":83,"column":30}},"49":{"start":{"line":84,"column":4},"end":{"line":84,"column":74}},"50":{"start":{"line":89,"column":18},"end":{"line":89,"column":47}},"51":{"start":{"line":90,"column":2},"end":{"line":125,"column":3}},"52":{"start":{"line":91,"column":4},"end":{"line":91,"column":31}},"53":{"start":{"line":93,"column":39},"end":{"line":93,"column":47}},"54":{"start":{"line":94,"column":19},"end":{"line":100,"column":5}},"55":{"start":{"line":101,"column":4},"end":{"line":101,"column":38}},"56":{"start":{"line":103,"column":4},"end":{"line":112,"column":7}},"57":{"start":{"line":114,"column":4},"end":{"line":119,"column":5}},"58":{"start":{"line":115,"column":6},"end":{"line":115,"column":39}},"59":{"start":{"line":116,"column":6},"end":{"line":118,"column":56}},"60":{"start":{"line":120,"column":4},"end":{"line":120,"column":37}},"61":{"start":{"line":121,"column":4},"end":{"line":121,"column":30}},"62":{"start":{"line":122,"column":4},"end":{"line":122,"column":74}},"63":{"start":{"line":124,"column":4},"end":{"line":124,"column":31}},"64":{"start":{"line":128,"column":0},"end":{"line":135,"column":2}}},"fnMap":{"0":{"name":"createMovie","decl":{"start":{"line":7,"column":15},"end":{"line":7,"column":26}},"loc":{"start":{"line":7,"column":37},"end":{"line":16,"column":1}},"line":7},"1":{"name":"getAllMovies","decl":{"start":{"line":18,"column":15},"end":{"line":18,"column":27}},"loc":{"start":{"line":18,"column":38},"end":{"line":29,"column":1}},"line":18},"2":{"name":"updateMovie","decl":{"start":{"line":31,"column":15},"end":{"line":31,"column":26}},"loc":{"start":{"line":31,"column":37},"end":{"line":47,"column":1}},"line":31},"3":{"name":"deleteMovie","decl":{"start":{"line":49,"column":15},"end":{"line":49,"column":26}},"loc":{"start":{"line":49,"column":37},"end":{"line":70,"column":1}},"line":49},"4":{"name":"getAvailableShows","decl":{"start":{"line":72,"column":15},"end":{"line":72,"column":32}},"loc":{"start":{"line":72,"column":43},"end":{"line":86,"column":1}},"line":72},"5":{"name":"createBooking","decl":{"start":{"line":88,"column":15},"end":{"line":88,"column":28}},"loc":{"start":{"line":88,"column":39},"end":{"line":126,"column":1}},"line":88}},"branchMap":{"0":{"loc":{"start":{"line":20,"column":17},"end":{"line":20,"column":44}},"type":"binary-expr","locations":[{"start":{"line":20,"column":17},"end":{"line":20,"column":39}},{"start":{"line":20,"column":43},"end":{"line":20,"column":44}}],"line":20},"1":{"loc":{"start":{"line":21,"column":18},"end":{"line":21,"column":46}},"type":"binary-expr","locations":[{"start":{"line":21,"column":18},"end":{"line":21,"column":41}},{"start":{"line":21,"column":45},"end":{"line":21,"column":46}}],"line":21},"2":{"loc":{"start":{"line":39,"column":4},"end":{"line":43,"column":5}},"type":"if","locations":[{"start":{"line":39,"column":4},"end":{"line":43,"column":5}},{"start":{},"end":{}}],"line":39},"3":{"loc":{"start":{"line":58,"column":4},"end":{"line":63,"column":5}},"type":"if","locations":[{"start":{"line":58,"column":4},"end":{"line":63,"column":5}},{"start":{},"end":{}}],"line":58},"4":{"loc":{"start":{"line":78,"column":4},"end":{"line":82,"column":5}},"type":"if","locations":[{"start":{"line":78,"column":4},"end":{"line":82,"column":5}},{"start":{},"end":{}}],"line":78},"5":{"loc":{"start":{"line":114,"column":4},"end":{"line":119,"column":5}},"type":"if","locations":[{"start":{"line":114,"column":4},"end":{"line":119,"column":5}},{"start":{},"end":{}}],"line":114}},"s":{"0":1,"1":1,"2":1,"3":1,"4":1,"5":0,"6":0,"7":0,"8":0,"9":0,"10":0,"11":0,"12":0,"13":0,"14":0,"15":0,"16":0,"17":0,"18":0,"19":0,"20":0,"21":0,"22":0,"23":0,"24":0,"25":0,"26":0,"27":0,"28":0,"29":0,"30":0,"31":0,"32":0,"33":0,"34":0,"35":0,"36":0,"37":0,"38":0,"39":0,"40":0,"41":0,"42":0,"43":0,"44":0,"45":0,"46":0,"47":0,"48":0,"49":0,"50":0,"51":0,"52":0,"53":0,"54":0,"55":0,"56":0,"57":0,"58":0,"59":0,"60":0,"61":0,"62":0,"63":0,"64":1},"f":{"0":0,"1":0,"2":0,"3":0,"4":0,"5":0},"b":{"0":[0,0],"1":[0,0],"2":[0,0],"3":[0,0],"4":[0,0],"5":[0,0]},"_coverageSchema":"1a1c01bbd47fc00a2c39e90264f33305004495a9","hash":"1c0517b42ea892f037e0e66406fdeeb0991f2e38"}
,"C:\\Users\\longwani\\OneDrive\\Desktop\\movie-reservation-system\\src\\controllers\\user-controller.js": {"path":"C:\\Users\\longwani\\OneDrive\\Desktop\\movie-reservation-system\\src\\controllers\\user-controller.js","statementMap":{"0":{"start":{"line":1,"column":13},"end":{"line":1,"column":38}},"1":{"start":{"line":2,"column":19},"end":{"line":2,"column":51}},"2":{"start":{"line":3,"column":17},"end":{"line":3,"column":36}},"3":{"start":{"line":4,"column":17},"end":{"line":4,"column":45}},"4":{"start":{"line":5,"column":12},"end":{"line":5,"column":35}},"5":{"start":{"line":6,"column":32},"end":{"line":6,"column":65}},"6":{"start":{"line":9,"column":2},"end":{"line":40,"column":3}},"7":{"start":{"line":10,"column":36},"end":{"line":10,"column":44}},"8":{"start":{"line":12,"column":17},"end":{"line":12,"column":69}},"9":{"start":{"line":13,"column":42},"end":{"line":13,"column":46}},"10":{"start":{"line":14,"column":4},"end":{"line":19,"column":7}},"11":{"start":{"line":20,"column":4},"end":{"line":25,"column":7}},"12":{"start":{"line":26,"column":4},"end":{"line":28,"column":79}},"13":{"start":{"line":30,"column":4},"end":{"line":34,"column":5}},"14":{"start":{"line":31,"column":6},"end":{"line":33,"column":56}},"15":{"start":{"line":35,"column":4},"end":{"line":35,"column":30}},"16":{"start":{"line":36,"column":4},"end":{"line":39,"column":7}},"17":{"start":{"line":44,"column":2},"end":{"line":76,"column":3}},"18":{"start":{"line":45,"column":36},"end":{"line":45,"column":44}},"19":{"start":{"line":47,"column":17},"end":{"line":47,"column":66}},"20":{"start":{"line":48,"column":42},"end":{"line":48,"column":46}},"21":{"start":{"line":49,"column":4},"end":{"line":54,"column":7}},"22":{"start":{"line":55,"column":4},"end":{"line":60,"column":7}},"23":{"start":{"line":62,"column":4},"end":{"line":64,"column":79}},"24":{"start":{"line":66,"column":4},"end":{"line":70,"column":5}},"25":{"start":{"line":67,"column":6},"end":{"line":69,"column":56}},"26":{"start":{"line":71,"column":4},"end":{"line":71,"column":30}},"27":{"start":{"line":72,"column":4},"end":{"line":75,"column":7}},"28":{"start":{"line":80,"column":2},"end":{"line":99,"column":3}},"29":{"start":{"line":81,"column":13},"end":{"line":81,"column":25}},"30":{"start":{"line":82,"column":17},"end":{"line":82,"column":48}},"31":{"start":{"line":84,"column":4},"end":{"line":87,"column":7}},"32":{"start":{"line":89,"column":4},"end":{"line":93,"column":5}},"33":{"start":{"line":90,"column":6},"end":{"line":92,"column":56}},"34":{"start":{"line":94,"column":4},"end":{"line":94,"column":30}},"35":{"start":{"line":95,"column":4},"end":{"line":98,"column":7}},"36":{"start":{"line":103,"column":2},"end":{"line":118,"column":3}},"37":{"start":{"line":104,"column":19},"end":{"line":104,"column":31}},"38":{"start":{"line":105,"column":17},"end":{"line":105,"column":56}},"39":{"start":{"line":106,"column":4},"end":{"line":106,"column":54}},"40":{"start":{"line":108,"column":4},"end":{"line":112,"column":5}},"41":{"start":{"line":109,"column":6},"end":{"line":111,"column":56}},"42":{"start":{"line":113,"column":4},"end":{"line":113,"column":30}},"43":{"start":{"line":114,"column":4},"end":{"line":117,"column":7}},"44":{"start":{"line":122,"column":16},"end":{"line":122,"column":45}},"45":{"start":{"line":123,"column":2},"end":{"line":148,"column":3}},"46":{"start":{"line":124,"column":4},"end":{"line":124,"column":31}},"47":{"start":{"line":125,"column":26},"end":{"line":125,"column":36}},"48":{"start":{"line":126,"column":19},"end":{"line":126,"column":31}},"49":{"start":{"line":127,"column":17},"end":{"line":127,"column":75}},"50":{"start":{"line":129,"column":4},"end":{"line":129,"column":38}},"51":{"start":{"line":130,"column":4},"end":{"line":133,"column":7}},"52":{"start":{"line":135,"column":4},"end":{"line":135,"column":37}},"53":{"start":{"line":136,"column":4},"end":{"line":140,"column":5}},"54":{"start":{"line":137,"column":6},"end":{"line":139,"column":56}},"55":{"start":{"line":141,"column":4},"end":{"line":141,"column":30}},"56":{"start":{"line":142,"column":4},"end":{"line":145,"column":7}},"57":{"start":{"line":147,"column":4},"end":{"line":147,"column":31}},"58":{"start":{"line":152,"column":2},"end":{"line":178,"column":3}},"59":{"start":{"line":153,"column":25},"end":{"line":153,"column":49}},"60":{"start":{"line":154,"column":24},"end":{"line":154,"column":75}},"61":{"start":{"line":156,"column":4},"end":{"line":161,"column":7}},"62":{"start":{"line":163,"column":4},"end":{"line":166,"column":7}},"63":{"start":{"line":168,"column":4},"end":{"line":172,"column":5}},"64":{"start":{"line":169,"column":6},"end":{"line":171,"column":56}},"65":{"start":{"line":173,"column":4},"end":{"line":173,"column":21}},"66":{"start":{"line":174,"column":4},"end":{"line":177,"column":7}},"67":{"start":{"line":181,"column":0},"end":{"line":188,"column":2}}},"fnMap":{"0":{"name":"registerUser","decl":{"start":{"line":8,"column":15},"end":{"line":8,"column":27}},"loc":{"start":{"line":8,"column":38},"end":{"line":41,"column":1}},"line":8},"1":{"name":"loginUser","decl":{"start":{"line":43,"column":15},"end":{"line":43,"column":24}},"loc":{"start":{"line":43,"column":35},"end":{"line":77,"column":1}},"line":43},"2":{"name":"deleteUser","decl":{"start":{"line":79,"column":15},"end":{"line":79,"column":25}},"loc":{"start":{"line":79,"column":36},"end":{"line":100,"column":1}},"line":79},"3":{"name":"checkMyBookings","decl":{"start":{"line":102,"column":15},"end":{"line":102,"column":30}},"loc":{"start":{"line":102,"column":41},"end":{"line":119,"column":1}},"line":102},"4":{"name":"cancelBooking","decl":{"start":{"line":121,"column":15},"end":{"line":121,"column":28}},"loc":{"start":{"line":121,"column":39},"end":{"line":149,"column":1}},"line":121},"5":{"name":"refreshAccessToken","decl":{"start":{"line":151,"column":15},"end":{"line":151,"column":33}},"loc":{"start":{"line":151,"column":44},"end":{"line":179,"column":1}},"line":151}},"branchMap":{"0":{"loc":{"start":{"line":30,"column":4},"end":{"line":34,"column":5}},"type":"if","locations":[{"start":{"line":30,"column":4},"end":{"line":34,"column":5}},{"start":{},"end":{}}],"line":30},"1":{"loc":{"start":{"line":66,"column":4},"end":{"line":70,"column":5}},"type":"if","locations":[{"start":{"line":66,"column":4},"end":{"line":70,"column":5}},{"start":{},"end":{}}],"line":66},"2":{"loc":{"start":{"line":89,"column":4},"end":{"line":93,"column":5}},"type":"if","locations":[{"start":{"line":89,"column":4},"end":{"line":93,"column":5}},{"start":{},"end":{}}],"line":89},"3":{"loc":{"start":{"line":108,"column":4},"end":{"line":112,"column":5}},"type":"if","locations":[{"start":{"line":108,"column":4},"end":{"line":112,"column":5}},{"start":{},"end":{}}],"line":108},"4":{"loc":{"start":{"line":136,"column":4},"end":{"line":140,"column":5}},"type":"if","locations":[{"start":{"line":136,"column":4},"end":{"line":140,"column":5}},{"start":{},"end":{}}],"line":136},"5":{"loc":{"start":{"line":168,"column":4},"end":{"line":172,"column":5}},"type":"if","locations":[{"start":{"line":168,"column":4},"end":{"line":172,"column":5}},{"start":{},"end":{}}],"line":168}},"s":{"0":1,"1":1,"2":1,"3":1,"4":1,"5":1,"6":0,"7":0,"8":0,"9":0,"10":0,"11":0,"12":0,"13":0,"14":0,"15":0,"16":0,"17":0,"18":0,"19":0,"20":0,"21":0,"22":0,"23":0,"24":0,"25":0,"26":0,"27":0,"28":0,"29":0,"30":0,"31":0,"32":0,"33":0,"34":0,"35":0,"36":0,"37":0,"38":0,"39":0,"40":0,"41":0,"42":0,"43":0,"44":0,"45":0,"46":0,"47":0,"48":0,"49":0,"50":0,"51":0,"52":0,"53":0,"54":0,"55":0,"56":0,"57":0,"58":0,"59":0,"60":0,"61":0,"62":0,"63":0,"64":0,"65":0,"66":0,"67":1},"f":{"0":0,"1":0,"2":0,"3":0,"4":0,"5":0},"b":{"0":[0,0],"1":[0,0],"2":[0,0],"3":[0,0],"4":[0,0],"5":[0,0]},"_coverageSchema":"1a1c01bbd47fc00a2c39e90264f33305004495a9","hash":"c2bfccf5b745f5a419b710a23fb4ca66f4e948ce"}
,"C:\\Users\\longwani\\OneDrive\\Desktop\\movie-reservation-system\\src\\domain\\admin-domain.js": {"path":"C:\\Users\\longwani\\OneDrive\\Desktop\\movie-reservation-system\\src\\domain\\admin-domain.js","statementMap":{"0":{"start":{"line":1,"column":17},"end":{"line":1,"column":45}},"1":{"start":{"line":2,"column":15},"end":{"line":2,"column":32}},"2":{"start":{"line":3,"column":12},"end":{"line":3,"column":35}},"3":{"start":{"line":4,"column":24},"end":{"line":4,"column":67}},"4":{"start":{"line":9,"column":4},"end":{"line":9,"column":37}},"5":{"start":{"line":13,"column":4},"end":{"line":18,"column":5}},"6":{"start":{"line":14,"column":6},"end":{"line":17,"column":8}},"7":{"start":{"line":19,"column":4},"end":{"line":21,"column":5}},"8":{"start":{"line":20,"column":6},"end":{"line":20,"column":63}},"9":{"start":{"line":22,"column":27},"end":{"line":22,"column":67}},"10":{"start":{"line":23,"column":4},"end":{"line":25,"column":5}},"11":{"start":{"line":24,"column":6},"end":{"line":24,"column":53}},"12":{"start":{"line":26,"column":23},"end":{"line":26,"column":54}},"13":{"start":{"line":28,"column":25},"end":{"line":28,"column":64}},"14":{"start":{"line":29,"column":21},"end":{"line":34,"column":6}},"15":{"start":{"line":35,"column":24},"end":{"line":35,"column":53}},"16":{"start":{"line":36,"column":25},"end":{"line":36,"column":55}},"17":{"start":{"line":37,"column":4},"end":{"line":37,"column":41}},"18":{"start":{"line":38,"column":4},"end":{"line":38,"column":41}},"19":{"start":{"line":39,"column":4},"end":{"line":39,"column":41}},"20":{"start":{"line":42,"column":18},"end":{"line":42,"column":58}},"21":{"start":{"line":43,"column":4},"end":{"line":45,"column":5}},"22":{"start":{"line":44,"column":6},"end":{"line":44,"column":49}},"23":{"start":{"line":46,"column":29},"end":{"line":46,"column":75}},"24":{"start":{"line":47,"column":4},"end":{"line":49,"column":5}},"25":{"start":{"line":48,"column":6},"end":{"line":48,"column":53}},"26":{"start":{"line":50,"column":24},"end":{"line":50,"column":50}},"27":{"start":{"line":51,"column":25},"end":{"line":51,"column":52}},"28":{"start":{"line":52,"column":4},"end":{"line":52,"column":38}},"29":{"start":{"line":53,"column":4},"end":{"line":53,"column":38}},"30":{"start":{"line":54,"column":4},"end":{"line":54,"column":41}},"31":{"start":{"line":58,"column":18},"end":{"line":58,"column":61}},"32":{"start":{"line":60,"column":4},"end":{"line":62,"column":5}},"33":{"start":{"line":61,"column":6},"end":{"line":61,"column":49}},"34":{"start":{"line":64,"column":4},"end":{"line":64,"column":48}},"35":{"start":{"line":68,"column":18},"end":{"line":68,"column":67}},"36":{"start":{"line":69,"column":4},"end":{"line":71,"column":5}},"37":{"start":{"line":70,"column":6},"end":{"line":70,"column":49}},"38":{"start":{"line":72,"column":4},"end":{"line":72,"column":17}},"39":{"start":{"line":75,"column":4},"end":{"line":77,"column":5}},"40":{"start":{"line":76,"column":6},"end":{"line":76,"column":57}},"41":{"start":{"line":78,"column":20},"end":{"line":78,"column":78}},"42":{"start":{"line":79,"column":18},"end":{"line":79,"column":61}},"43":{"start":{"line":80,"column":4},"end":{"line":82,"column":5}},"44":{"start":{"line":81,"column":6},"end":{"line":81,"column":49}},"45":{"start":{"line":83,"column":4},"end":{"line":85,"column":5}},"46":{"start":{"line":84,"column":6},"end":{"line":84,"column":55}},"47":{"start":{"line":86,"column":24},"end":{"line":86,"column":50}},"48":{"start":{"line":87,"column":4},"end":{"line":87,"column":23}},"49":{"start":{"line":91,"column":0},"end":{"line":91,"column":35}}},"fnMap":{"0":{"name":"(anonymous_0)","decl":{"start":{"line":12,"column":2},"end":{"line":12,"column":3}},"loc":{"start":{"line":12,"column":58},"end":{"line":40,"column":3}},"line":12},"1":{"name":"(anonymous_1)","decl":{"start":{"line":41,"column":2},"end":{"line":41,"column":3}},"loc":{"start":{"line":41,"column":36},"end":{"line":55,"column":3}},"line":41},"2":{"name":"(anonymous_2)","decl":{"start":{"line":57,"column":2},"end":{"line":57,"column":3}},"loc":{"start":{"line":57,"column":24},"end":{"line":65,"column":3}},"line":57},"3":{"name":"(anonymous_3)","decl":{"start":{"line":67,"column":2},"end":{"line":67,"column":3}},"loc":{"start":{"line":67,"column":33},"end":{"line":73,"column":3}},"line":67},"4":{"name":"(anonymous_4)","decl":{"start":{"line":74,"column":2},"end":{"line":74,"column":3}},"loc":{"start":{"line":74,"column":43},"end":{"line":88,"column":3}},"line":74}},"branchMap":{"0":{"loc":{"start":{"line":13,"column":4},"end":{"line":18,"column":5}},"type":"if","locations":[{"start":{"line":13,"column":4},"end":{"line":18,"column":5}},{"start":{},"end":{}}],"line":13},"1":{"loc":{"start":{"line":19,"column":4},"end":{"line":21,"column":5}},"type":"if","locations":[{"start":{"line":19,"column":4},"end":{"line":21,"column":5}},{"start":{},"end":{}}],"line":19},"2":{"loc":{"start":{"line":23,"column":4},"end":{"line":25,"column":5}},"type":"if","locations":[{"start":{"line":23,"column":4},"end":{"line":25,"column":5}},{"start":{},"end":{}}],"line":23},"3":{"loc":{"start":{"line":43,"column":4},"end":{"line":45,"column":5}},"type":"if","locations":[{"start":{"line":43,"column":4},"end":{"line":45,"column":5}},{"start":{},"end":{}}],"line":43},"4":{"loc":{"start":{"line":47,"column":4},"end":{"line":49,"column":5}},"type":"if","locations":[{"start":{"line":47,"column":4},"end":{"line":49,"column":5}},{"start":{},"end":{}}],"line":47},"5":{"loc":{"start":{"line":60,"column":4},"end":{"line":62,"column":5}},"type":"if","locations":[{"start":{"line":60,"column":4},"end":{"line":62,"column":5}},{"start":{},"end":{}}],"line":60},"6":{"loc":{"start":{"line":69,"column":4},"end":{"line":71,"column":5}},"type":"if","locations":[{"start":{"line":69,"column":4},"end":{"line":71,"column":5}},{"start":{},"end":{}}],"line":69},"7":{"loc":{"start":{"line":75,"column":4},"end":{"line":77,"column":5}},"type":"if","locations":[{"start":{"line":75,"column":4},"end":{"line":77,"column":5}},{"start":{},"end":{}}],"line":75},"8":{"loc":{"start":{"line":80,"column":4},"end":{"line":82,"column":5}},"type":"if","locations":[{"start":{"line":80,"column":4},"end":{"line":82,"column":5}},{"start":{},"end":{}}],"line":80},"9":{"loc":{"start":{"line":83,"column":4},"end":{"line":85,"column":5}},"type":"if","locations":[{"start":{"line":83,"column":4},"end":{"line":85,"column":5}},{"start":{},"end":{}}],"line":83}},"s":{"0":1,"1":1,"2":1,"3":1,"4":1,"5":0,"6":0,"7":0,"8":0,"9":0,"10":0,"11":0,"12":0,"13":0,"14":0,"15":0,"16":0,"17":0,"18":0,"19":0,"20":0,"21":0,"22":0,"23":0,"24":0,"25":0,"26":0,"27":0,"28":0,"29":0,"30":0,"31":0,"32":0,"33":0,"34":0,"35":0,"36":0,"37":0,"38":0,"39":0,"40":0,"41":0,"42":0,"43":0,"44":0,"45":0,"46":0,"47":0,"48":0,"49":1},"f":{"0":0,"1":0,"2":0,"3":0,"4":0},"b":{"0":[0,0],"1":[0,0],"2":[0,0],"3":[0,0],"4":[0,0],"5":[0,0],"6":[0,0],"7":[0,0],"8":[0,0],"9":[0,0]},"_coverageSchema":"1a1c01bbd47fc00a2c39e90264f33305004495a9","hash":"56cf52e0ed629d001ac58ce4ca1e5a0d271e4715"}
,"C:\\Users\\longwani\\OneDrive\\Desktop\\movie-reservation-system\\src\\domain\\movie-domain.js": {"path":"C:\\Users\\longwani\\OneDrive\\Desktop\\movie-reservation-system\\src\\domain\\movie-domain.js","statementMap":{"0":{"start":{"line":1,"column":14},"end":{"line":1,"column":40}},"1":{"start":{"line":2,"column":17},"end":{"line":2,"column":45}},"2":{"start":{"line":3,"column":17},"end":{"line":3,"column":36}},"3":{"start":{"line":4,"column":24},"end":{"line":4,"column":67}},"4":{"start":{"line":8,"column":20},"end":{"line":11,"column":6}},"5":{"start":{"line":12,"column":4},"end":{"line":12,"column":19}},"6":{"start":{"line":15,"column":4},"end":{"line":15,"column":61}},"7":{"start":{"line":18,"column":18},"end":{"line":18,"column":63}},"8":{"start":{"line":19,"column":4},"end":{"line":19,"column":17}},"9":{"start":{"line":23,"column":16},"end":{"line":23,"column":50}},"10":{"start":{"line":24,"column":4},"end":{"line":26,"column":5}},"11":{"start":{"line":25,"column":6},"end":{"line":25,"column":49}},"12":{"start":{"line":27,"column":4},"end":{"line":29,"column":5}},"13":{"start":{"line":28,"column":6},"end":{"line":28,"column":56}},"14":{"start":{"line":31,"column":4},"end":{"line":31,"column":31}},"15":{"start":{"line":32,"column":4},"end":{"line":32,"column":38}},"16":{"start":{"line":33,"column":4},"end":{"line":33,"column":17}},"17":{"start":{"line":37,"column":25},"end":{"line":37,"column":42}},"18":{"start":{"line":38,"column":18},"end":{"line":38,"column":72}},"19":{"start":{"line":39,"column":4},"end":{"line":41,"column":5}},"20":{"start":{"line":40,"column":6},"end":{"line":40,"column":49}},"21":{"start":{"line":42,"column":4},"end":{"line":44,"column":5}},"22":{"start":{"line":43,"column":6},"end":{"line":43,"column":56}},"23":{"start":{"line":46,"column":18},"end":{"line":49,"column":5}},"24":{"start":{"line":51,"column":4},"end":{"line":53,"column":7}},"25":{"start":{"line":52,"column":6},"end":{"line":52,"column":37}},"26":{"start":{"line":55,"column":4},"end":{"line":55,"column":58}},"27":{"start":{"line":56,"column":4},"end":{"line":56,"column":52}},"28":{"start":{"line":57,"column":4},"end":{"line":57,"column":17}},"29":{"start":{"line":61,"column":18},"end":{"line":61,"column":62}},"30":{"start":{"line":62,"column":4},"end":{"line":62,"column":17}},"31":{"start":{"line":65,"column":18},"end":{"line":65,"column":77}},"32":{"start":{"line":66,"column":4},"end":{"line":68,"column":5}},"33":{"start":{"line":67,"column":6},"end":{"line":67,"column":49}},"34":{"start":{"line":69,"column":17},"end":{"line":69,"column":39}},"35":{"start":{"line":70,"column":4},"end":{"line":72,"column":5}},"36":{"start":{"line":71,"column":6},"end":{"line":71,"column":48}},"37":{"start":{"line":73,"column":4},"end":{"line":75,"column":5}},"38":{"start":{"line":74,"column":6},"end":{"line":74,"column":60}},"39":{"start":{"line":76,"column":17},"end":{"line":79,"column":5}},"40":{"start":{"line":80,"column":4},"end":{"line":82,"column":5}},"41":{"start":{"line":81,"column":6},"end":{"line":81,"column":48}},"42":{"start":{"line":84,"column":4},"end":{"line":89,"column":7}},"43":{"start":{"line":91,"column":4},"end":{"line":91,"column":33}},"44":{"start":{"line":92,"column":4},"end":{"line":92,"column":57}},"45":{"start":{"line":93,"column":4},"end":{"line":93,"column":58}},"46":{"start":{"line":97,"column":0},"end":{"line":97,"column":35}}},"fnMap":{"0":{"name":"(anonymous_0)","decl":{"start":{"line":7,"column":2},"end":{"line":7,"column":3}},"loc":{"start":{"line":7,"column":29},"end":{"line":13,"column":3}},"line":7},"1":{"name":"(anonymous_1)","decl":{"start":{"line":14,"column":2},"end":{"line":14,"column":3}},"loc":{"start":{"line":14,"column":42},"end":{"line":16,"column":3}},"line":14},"2":{"name":"(anonymous_2)","decl":{"start":{"line":17,"column":2},"end":{"line":17,"column":3}},"loc":{"start":{"line":17,"column":31},"end":{"line":20,"column":3}},"line":17},"3":{"name":"(anonymous_3)","decl":{"start":{"line":22,"column":2},"end":{"line":22,"column":3}},"loc":{"start":{"line":22,"column":38},"end":{"line":34,"column":3}},"line":22},"4":{"name":"(anonymous_4)","decl":{"start":{"line":36,"column":2},"end":{"line":36,"column":3}},"loc":{"start":{"line":36,"column":41},"end":{"line":58,"column":3}},"line":36},"5":{"name":"(anonymous_5)","decl":{"start":{"line":51,"column":39},"end":{"line":51,"column":40}},"loc":{"start":{"line":51,"column":50},"end":{"line":53,"column":5}},"line":51},"6":{"name":"(anonymous_6)","decl":{"start":{"line":60,"column":2},"end":{"line":60,"column":3}},"loc":{"start":{"line":60,"column":31},"end":{"line":63,"column":3}},"line":60},"7":{"name":"(anonymous_7)","decl":{"start":{"line":64,"column":2},"end":{"line":64,"column":3}},"loc":{"start":{"line":64,"column":61},"end":{"line":94,"column":3}},"line":64}},"branchMap":{"0":{"loc":{"start":{"line":24,"column":4},"end":{"line":26,"column":5}},"type":"if","locations":[{"start":{"line":24,"column":4},"end":{"line":26,"column":5}},{"start":{},"end":{}}],"line":24},"1":{"loc":{"start":{"line":27,"column":4},"end":{"line":29,"column":5}},"type":"if","locations":[{"start":{"line":27,"column":4},"end":{"line":29,"column":5}},{"start":{},"end":{}}],"line":27},"2":{"loc":{"start":{"line":39,"column":4},"end":{"line":41,"column":5}},"type":"if","locations":[{"start":{"line":39,"column":4},"end":{"line":41,"column":5}},{"start":{},"end":{}}],"line":39},"3":{"loc":{"start":{"line":42,"column":4},"end":{"line":44,"column":5}},"type":"if","locations":[{"start":{"line":42,"column":4},"end":{"line":44,"column":5}},{"start":{},"end":{}}],"line":42},"4":{"loc":{"start":{"line":66,"column":4},"end":{"line":68,"column":5}},"type":"if","locations":[{"start":{"line":66,"column":4},"end":{"line":68,"column":5}},{"start":{},"end":{}}],"line":66},"5":{"loc":{"start":{"line":70,"column":4},"end":{"line":72,"column":5}},"type":"if","locations":[{"start":{"line":70,"column":4},"end":{"line":72,"column":5}},{"start":{},"end":{}}],"line":70},"6":{"loc":{"start":{"line":73,"column":4},"end":{"line":75,"column":5}},"type":"if","locations":[{"start":{"line":73,"column":4},"end":{"line":75,"column":5}},{"start":{},"end":{}}],"line":73},"7":{"loc":{"start":{"line":80,"column":4},"end":{"line":82,"column":5}},"type":"if","locations":[{"start":{"line":80,"column":4},"end":{"line":82,"column":5}},{"start":{},"end":{}}],"line":80}},"s":{"0":1,"1":1,"2":1,"3":1,"4":0,"5":0,"6":0,"7":0,"8":0,"9":0,"10":0,"11":0,"12":0,"13":0,"14":0,"15":0,"16":0,"17":0,"18":0,"19":0,"20":0,"21":0,"22":0,"23":0,"24":0,"25":0,"26":0,"27":0,"28":0,"29":0,"30":0,"31":0,"32":0,"33":0,"34":0,"35":0,"36":0,"37":0,"38":0,"39":0,"40":0,"41":0,"42":0,"43":0,"44":0,"45":0,"46":1},"f":{"0":0,"1":0,"2":0,"3":0,"4":0,"5":0,"6":0,"7":0},"b":{"0":[0,0],"1":[0,0],"2":[0,0],"3":[0,0],"4":[0,0],"5":[0,0],"6":[0,0],"7":[0,0]},"_coverageSchema":"1a1c01bbd47fc00a2c39e90264f33305004495a9","hash":"1e46f016641c9f6edc406b62943aa0becbada917"}
,"C:\\Users\\longwani\\OneDrive\\Desktop\\movie-reservation-system\\src\\domain\\user-domain.js": {"path":"C:\\Users\\longwani\\OneDrive\\Desktop\\movie-reservation-system\\src\\domain\\user-domain.js","statementMap":{"0":{"start":{"line":1,"column":15},"end":{"line":1,"column":32}},"1":{"start":{"line":2,"column":17},"end":{"line":2,"column":45}},"2":{"start":{"line":3,"column":12},"end":{"line":3,"column":35}},"3":{"start":{"line":4,"column":23},"end":{"line":4,"column":65}},"4":{"start":{"line":9,"column":4},"end":{"line":9,"column":37}},"5":{"start":{"line":13,"column":27},"end":{"line":13,"column":66}},"6":{"start":{"line":14,"column":4},"end":{"line":16,"column":5}},"7":{"start":{"line":15,"column":6},"end":{"line":15,"column":54}},"8":{"start":{"line":18,"column":23},"end":{"line":18,"column":54}},"9":{"start":{"line":20,"column":25},"end":{"line":20,"column":64}},"10":{"start":{"line":22,"column":20},"end":{"line":26,"column":6}},"11":{"start":{"line":28,"column":24},"end":{"line":28,"column":52}},"12":{"start":{"line":29,"column":25},"end":{"line":29,"column":54}},"13":{"start":{"line":30,"column":4},"end":{"line":30,"column":40}},"14":{"start":{"line":31,"column":4},"end":{"line":31,"column":39}},"15":{"start":{"line":32,"column":4},"end":{"line":32,"column":41}},"16":{"start":{"line":36,"column":17},"end":{"line":36,"column":56}},"17":{"start":{"line":37,"column":4},"end":{"line":39,"column":5}},"18":{"start":{"line":38,"column":6},"end":{"line":38,"column":48}},"19":{"start":{"line":40,"column":29},"end":{"line":40,"column":74}},"20":{"start":{"line":41,"column":4},"end":{"line":43,"column":5}},"21":{"start":{"line":42,"column":6},"end":{"line":42,"column":53}},"22":{"start":{"line":44,"column":24},"end":{"line":44,"column":49}},"23":{"start":{"line":45,"column":25},"end":{"line":45,"column":51}},"24":{"start":{"line":46,"column":4},"end":{"line":46,"column":37}},"25":{"start":{"line":47,"column":4},"end":{"line":47,"column":36}},"26":{"start":{"line":48,"column":4},"end":{"line":48,"column":41}},"27":{"start":{"line":51,"column":17},"end":{"line":51,"column":59}},"28":{"start":{"line":52,"column":4},"end":{"line":54,"column":5}},"29":{"start":{"line":53,"column":6},"end":{"line":53,"column":48}},"30":{"start":{"line":57,"column":17},"end":{"line":57,"column":54}},"31":{"start":{"line":58,"column":4},"end":{"line":60,"column":5}},"32":{"start":{"line":59,"column":6},"end":{"line":59,"column":48}},"33":{"start":{"line":61,"column":4},"end":{"line":61,"column":16}},"34":{"start":{"line":64,"column":17},"end":{"line":64,"column":74}},"35":{"start":{"line":65,"column":4},"end":{"line":67,"column":5}},"36":{"start":{"line":66,"column":6},"end":{"line":66,"column":48}},"37":{"start":{"line":68,"column":25},"end":{"line":70,"column":5}},"38":{"start":{"line":69,"column":19},"end":{"line":69,"column":58}},"39":{"start":{"line":71,"column":4},"end":{"line":73,"column":5}},"40":{"start":{"line":72,"column":6},"end":{"line":72,"column":51}},"41":{"start":{"line":74,"column":4},"end":{"line":76,"column":5}},"42":{"start":{"line":75,"column":6},"end":{"line":75,"column":62}},"43":{"start":{"line":77,"column":4},"end":{"line":77,"column":53}},"44":{"start":{"line":79,"column":20},"end":{"line":79,"column":64}},"45":{"start":{"line":80,"column":18},"end":{"line":83,"column":5}},"46":{"start":{"line":84,"column":4},"end":{"line":93,"column":5}},"47":{"start":{"line":85,"column":19},"end":{"line":85,"column":69}},"48":{"start":{"line":86,"column":6},"end":{"line":90,"column":7}},"49":{"start":{"line":87,"column":8},"end":{"line":87,"column":65}},"50":{"start":{"line":89,"column":8},"end":{"line":89,"column":50}},"51":{"start":{"line":92,"column":6},"end":{"line":92,"column":49}},"52":{"start":{"line":94,"column":4},"end":{"line":94,"column":57}},"53":{"start":{"line":95,"column":4},"end":{"line":95,"column":56}},"54":{"start":{"line":99,"column":4},"end":{"line":101,"column":5}},"55":{"start":{"line":100,"column":6},"end":{"line":100,"column":57}},"56":{"start":{"line":102,"column":20},"end":{"line":102,"column":78}},"57":{"start":{"line":103,"column":17},"end":{"line":103,"column":59}},"58":{"start":{"line":104,"column":4},"end":{"line":106,"column":5}},"59":{"start":{"line":105,"column":6},"end":{"line":105,"column":48}},"60":{"start":{"line":107,"column":4},"end":{"line":109,"column":5}},"61":{"start":{"line":108,"column":6},"end":{"line":108,"column":55}},"62":{"start":{"line":110,"column":24},"end":{"line":110,"column":49}},"63":{"start":{"line":111,"column":4},"end":{"line":111,"column":23}},"64":{"start":{"line":115,"column":0},"end":{"line":115,"column":34}}},"fnMap":{"0":{"name":"(anonymous_0)","decl":{"start":{"line":12,"column":2},"end":{"line":12,"column":3}},"loc":{"start":{"line":12,"column":44},"end":{"line":33,"column":3}},"line":12},"1":{"name":"(anonymous_1)","decl":{"start":{"line":35,"column":2},"end":{"line":35,"column":3}},"loc":{"start":{"line":35,"column":35},"end":{"line":49,"column":3}},"line":35},"2":{"name":"(anonymous_2)","decl":{"start":{"line":50,"column":2},"end":{"line":50,"column":3}},"loc":{"start":{"line":50,"column":23},"end":{"line":55,"column":3}},"line":50},"3":{"name":"(anonymous_3)","decl":{"start":{"line":56,"column":2},"end":{"line":56,"column":3}},"loc":{"start":{"line":56,"column":31},"end":{"line":62,"column":3}},"line":56},"4":{"name":"(anonymous_4)","decl":{"start":{"line":63,"column":2},"end":{"line":63,"column":3}},"loc":{"start":{"line":63,"column":50},"end":{"line":96,"column":3}},"line":63},"5":{"name":"(anonymous_5)","decl":{"start":{"line":69,"column":6},"end":{"line":69,"column":7}},"loc":{"start":{"line":69,"column":19},"end":{"line":69,"column":58}},"line":69},"6":{"name":"(anonymous_6)","decl":{"start":{"line":98,"column":2},"end":{"line":98,"column":3}},"loc":{"start":{"line":98,"column":43},"end":{"line":112,"column":3}},"line":98}},"branchMap":{"0":{"loc":{"start":{"line":14,"column":4},"end":{"line":16,"column":5}},"type":"if","locations":[{"start":{"line":14,"column":4},"end":{"line":16,"column":5}},{"start":{},"end":{}}],"line":14},"1":{"loc":{"start":{"line":37,"column":4},"end":{"line":39,"column":5}},"type":"if","locations":[{"start":{"line":37,"column":4},"end":{"line":39,"column":5}},{"start":{},"end":{}}],"line":37},"2":{"loc":{"start":{"line":41,"column":4},"end":{"line":43,"column":5}},"type":"if","locations":[{"start":{"line":41,"column":4},"end":{"line":43,"column":5}},{"start":{},"end":{}}],"line":41},"3":{"loc":{"start":{"line":52,"column":4},"end":{"line":54,"column":5}},"type":"if","locations":[{"start":{"line":52,"column":4},"end":{"line":54,"column":5}},{"start":{},"end":{}}],"line":52},"4":{"loc":{"start":{"line":58,"column":4},"end":{"line":60,"column":5}},"type":"if","locations":[{"start":{"line":58,"column":4},"end":{"line":60,"column":5}},{"start":{},"end":{}}],"line":58},"5":{"loc":{"start":{"line":65,"column":4},"end":{"line":67,"column":5}},"type":"if","locations":[{"start":{"line":65,"column":4},"end":{"line":67,"column":5}},{"start":{},"end":{}}],"line":65},"6":{"loc":{"start":{"line":71,"column":4},"end":{"line":73,"column":5}},"type":"if","locations":[{"start":{"line":71,"column":4},"end":{"line":73,"column":5}},{"start":{},"end":{}}],"line":71},"7":{"loc":{"start":{"line":74,"column":4},"end":{"line":76,"column":5}},"type":"if","locations":[{"start":{"line":74,"column":4},"end":{"line":76,"column":5}},{"start":{},"end":{}}],"line":74},"8":{"loc":{"start":{"line":84,"column":4},"end":{"line":93,"column":5}},"type":"if","locations":[{"start":{"line":84,"column":4},"end":{"line":93,"column":5}},{"start":{"line":91,"column":11},"end":{"line":93,"column":5}}],"line":84},"9":{"loc":{"start":{"line":86,"column":6},"end":{"line":90,"column":7}},"type":"if","locations":[{"start":{"line":86,"column":6},"end":{"line":90,"column":7}},{"start":{"line":88,"column":13},"end":{"line":90,"column":7}}],"line":86},"10":{"loc":{"start":{"line":99,"column":4},"end":{"line":101,"column":5}},"type":"if","locations":[{"start":{"line":99,"column":4},"end":{"line":101,"column":5}},{"start":{},"end":{}}],"line":99},"11":{"loc":{"start":{"line":104,"column":4},"end":{"line":106,"column":5}},"type":"if","locations":[{"start":{"line":104,"column":4},"end":{"line":106,"column":5}},{"start":{},"end":{}}],"line":104},"12":{"loc":{"start":{"line":107,"column":4},"end":{"line":109,"column":5}},"type":"if","locations":[{"start":{"line":107,"column":4},"end":{"line":109,"column":5}},{"start":{},"end":{}}],"line":107}},"s":{"0":2,"1":2,"2":2,"3":2,"4":2,"5":2,"6":2,"7":1,"8":1,"9":1,"10":1,"11":1,"12":1,"13":1,"14":1,"15":1,"16":0,"17":0,"18":0,"19":0,"20":0,"21":0,"22":0,"23":0,"24":0,"25":0,"26":0,"27":0,"28":0,"29":0,"30":0,"31":0,"32":0,"33":0,"34":0,"35":0,"36":0,"37":0,"38":0,"39":0,"40":0,"41":0,"42":0,"43":0,"44":0,"45":0,"46":0,"47":0,"48":0,"49":0,"50":0,"51":0,"52":0,"53":0,"54":0,"55":0,"56":0,"57":0,"58":0,"59":0,"60":0,"61":0,"62":0,"63":0,"64":2},"f":{"0":2,"1":0,"2":0,"3":0,"4":0,"5":0,"6":0},"b":{"0":[1,1],"1":[0,0],"2":[0,0],"3":[0,0],"4":[0,0],"5":[0,0],"6":[0,0],"7":[0,0],"8":[0,0],"9":[0,0],"10":[0,0],"11":[0,0],"12":[0,0]},"_coverageSchema":"1a1c01bbd47fc00a2c39e90264f33305004495a9","hash":"41a4c3c86a40f19cfdb50992ddd9b0e26a5c9a9f"}
,"C:\\Users\\longwani\\OneDrive\\Desktop\\movie-reservation-system\\src\\middleware\\auth.js": {"path":"C:\\Users\\longwani\\OneDrive\\Desktop\\movie-reservation-system\\src\\middleware\\auth.js","statementMap":{"0":{"start":{"line":1,"column":10},"end":{"line":1,"column":33}},"1":{"start":{"line":4,"column":2},"end":{"line":17,"column":3}},"2":{"start":{"line":5,"column":18},"end":{"line":5,"column":41}},"3":{"start":{"line":6,"column":4},"end":{"line":9,"column":66}},"4":{"start":{"line":7,"column":6},"end":{"line":9,"column":66}},"5":{"start":{"line":10,"column":32},"end":{"line":10,"column":63}},"6":{"start":{"line":11,"column":19},"end":{"line":11,"column":57}},"7":{"start":{"line":12,"column":4},"end":{"line":12,"column":22}},"8":{"start":{"line":13,"column":4},"end":{"line":13,"column":11}},"9":{"start":{"line":15,"column":4},"end":{"line":15,"column":30}},"10":{"start":{"line":16,"column":4},"end":{"line":16,"column":70}},"11":{"start":{"line":21,"column":2},"end":{"line":23,"column":3}},"12":{"start":{"line":22,"column":4},"end":{"line":22,"column":77}},"13":{"start":{"line":24,"column":2},"end":{"line":28,"column":7}},"14":{"start":{"line":25,"column":4},"end":{"line":28,"column":7}},"15":{"start":{"line":30,"column":2},"end":{"line":30,"column":9}},"16":{"start":{"line":34,"column":2},"end":{"line":36,"column":3}},"17":{"start":{"line":35,"column":4},"end":{"line":35,"column":77}},"18":{"start":{"line":37,"column":2},"end":{"line":41,"column":7}},"19":{"start":{"line":38,"column":4},"end":{"line":41,"column":7}},"20":{"start":{"line":43,"column":2},"end":{"line":43,"column":9}},"21":{"start":{"line":46,"column":0},"end":{"line":46,"column":49}}},"fnMap":{"0":{"name":"isLoggedIn","decl":{"start":{"line":3,"column":9},"end":{"line":3,"column":19}},"loc":{"start":{"line":3,"column":36},"end":{"line":18,"column":1}},"line":3},"1":{"name":"isAdmin","decl":{"start":{"line":20,"column":9},"end":{"line":20,"column":16}},"loc":{"start":{"line":20,"column":33},"end":{"line":31,"column":1}},"line":20},"2":{"name":"isUser","decl":{"start":{"line":33,"column":9},"end":{"line":33,"column":15}},"loc":{"start":{"line":33,"column":32},"end":{"line":44,"column":1}},"line":33}},"branchMap":{"0":{"loc":{"start":{"line":6,"column":4},"end":{"line":9,"column":66}},"type":"if","locations":[{"start":{"line":6,"column":4},"end":{"line":9,"column":66}},{"start":{},"end":{}}],"line":6},"1":{"loc":{"start":{"line":21,"column":2},"end":{"line":23,"column":3}},"type":"if","locations":[{"start":{"line":21,"column":2},"end":{"line":23,"column":3}},{"start":{},"end":{}}],"line":21},"2":{"loc":{"start":{"line":24,"column":2},"end":{"line":28,"column":7}},"type":"if","locations":[{"start":{"line":24,"column":2},"end":{"line":28,"column":7}},{"start":{},"end":{}}],"line":24},"3":{"loc":{"start":{"line":34,"column":2},"end":{"line":36,"column":3}},"type":"if","locations":[{"start":{"line":34,"column":2},"end":{"line":36,"column":3}},{"start":{},"end":{}}],"line":34},"4":{"loc":{"start":{"line":37,"column":2},"end":{"line":41,"column":7}},"type":"if","locations":[{"start":{"line":37,"column":2},"end":{"line":41,"column":7}},{"start":{},"end":{}}],"line":37}},"s":{"0":2,"1":2,"2":2,"3":2,"4":1,"5":1,"6":1,"7":1,"8":1,"9":0,"10":0,"11":1,"12":0,"13":1,"14":1,"15":0,"16":1,"17":0,"18":1,"19":1,"20":0,"21":2},"f":{"0":2,"1":1,"2":1},"b":{"0":[1,1],"1":[0,1],"2":[1,0],"3":[0,1],"4":[1,0]},"_coverageSchema":"1a1c01bbd47fc00a2c39e90264f33305004495a9","hash":"cce10575a447119f3c2088ce03e89a9bb9a188c8"}
,"C:\\Users\\longwani\\OneDrive\\Desktop\\movie-reservation-system\\src\\middleware\\validate.js": {"path":"C:\\Users\\longwani\\OneDrive\\Desktop\\movie-reservation-system\\src\\middleware\\validate.js","statementMap":{"0":{"start":{"line":1,"column":17},"end":{"line":1,"column":45}},"1":{"start":{"line":4,"column":2},"end":{"line":17,"column":4}},"2":{"start":{"line":5,"column":29},"end":{"line":8,"column":6}},"3":{"start":{"line":10,"column":4},"end":{"line":13,"column":5}},"4":{"start":{"line":11,"column":18},"end":{"line":11,"column":61}},"5":{"start":{"line":11,"column":53},"end":{"line":11,"column":60}},"6":{"start":{"line":12,"column":6},"end":{"line":12,"column":42}},"7":{"start":{"line":15,"column":4},"end":{"line":15,"column":26}},"8":{"start":{"line":16,"column":4},"end":{"line":16,"column":11}},"9":{"start":{"line":20,"column":0},"end":{"line":20,"column":26}}},"fnMap":{"0":{"name":"validate","decl":{"start":{"line":3,"column":9},"end":{"line":3,"column":17}},"loc":{"start":{"line":3,"column":45},"end":{"line":18,"column":1}},"line":3},"1":{"name":"(anonymous_1)","decl":{"start":{"line":4,"column":9},"end":{"line":4,"column":10}},"loc":{"start":{"line":4,"column":29},"end":{"line":17,"column":3}},"line":4},"2":{"name":"(anonymous_2)","decl":{"start":{"line":11,"column":36},"end":{"line":11,"column":37}},"loc":{"start":{"line":11,"column":53},"end":{"line":11,"column":60}},"line":11}},"branchMap":{"0":{"loc":{"start":{"line":3,"column":26},"end":{"line":3,"column":43}},"type":"default-arg","locations":[{"start":{"line":3,"column":37},"end":{"line":3,"column":43}}],"line":3},"1":{"loc":{"start":{"line":10,"column":4},"end":{"line":13,"column":5}},"type":"if","locations":[{"start":{"line":10,"column":4},"end":{"line":13,"column":5}},{"start":{},"end":{}}],"line":10}},"s":{"0":1,"1":11,"2":0,"3":0,"4":0,"5":0,"6":0,"7":0,"8":0,"9":1},"f":{"0":11,"1":0,"2":0},"b":{"0":[7],"1":[0,0]},"_coverageSchema":"1a1c01bbd47fc00a2c39e90264f33305004495a9","hash":"403261344744478ce1f0c4a3ea0b363dfd46451f"}
,"C:\\Users\\longwani\\OneDrive\\Desktop\\movie-reservation-system\\src\\models\\admin.js": {"path":"C:\\Users\\longwani\\OneDrive\\Desktop\\movie-reservation-system\\src\\models\\admin.js","statementMap":{"0":{"start":{"line":1,"column":17},"end":{"line":1,"column":36}},"1":{"start":{"line":2,"column":20},"end":{"line":39,"column":1}},"2":{"start":{"line":41,"column":14},"end":{"line":41,"column":50}},"3":{"start":{"line":43,"column":0},"end":{"line":43,"column":23}}},"fnMap":{},"branchMap":{},"s":{"0":1,"1":1,"2":1,"3":1},"f":{},"b":{},"_coverageSchema":"1a1c01bbd47fc00a2c39e90264f33305004495a9","hash":"7703c6ffaa12b50004b5006f6f5712d486b91603"}
,"C:\\Users\\longwani\\OneDrive\\Desktop\\movie-reservation-system\\src\\models\\movie.js": {"path":"C:\\Users\\longwani\\OneDrive\\Desktop\\movie-reservation-system\\src\\models\\movie.js","statementMap":{"0":{"start":{"line":1,"column":17},"end":{"line":1,"column":36}},"1":{"start":{"line":3,"column":20},"end":{"line":62,"column":1}},"2":{"start":{"line":64,"column":14},"end":{"line":64,"column":50}},"3":{"start":{"line":65,"column":0},"end":{"line":65,"column":23}}},"fnMap":{},"branchMap":{},"s":{"0":1,"1":1,"2":1,"3":1},"f":{},"b":{},"_coverageSchema":"1a1c01bbd47fc00a2c39e90264f33305004495a9","hash":"d37f712c77149832e75cff9fc98f99cefb49a6f5"}
,"C:\\Users\\longwani\\OneDrive\\Desktop\\movie-reservation-system\\src\\models\\user.js": {"path":"C:\\Users\\longwani\\OneDrive\\Desktop\\movie-reservation-system\\src\\models\\user.js","statementMap":{"0":{"start":{"line":1,"column":17},"end":{"line":1,"column":36}},"1":{"start":{"line":3,"column":19},"end":{"line":56,"column":1}},"2":{"start":{"line":58,"column":13},"end":{"line":58,"column":47}},"3":{"start":{"line":60,"column":0},"end":{"line":60,"column":22}}},"fnMap":{},"branchMap":{},"s":{"0":1,"1":1,"2":1,"3":1},"f":{},"b":{},"_coverageSchema":"1a1c01bbd47fc00a2c39e90264f33305004495a9","hash":"7b4ba83cfb304e71ffeba8cd6eab4cb488c59516"}
,"C:\\Users\\longwani\\OneDrive\\Desktop\\movie-reservation-system\\src\\repositories\\admin.repository.js": {"path":"C:\\Users\\longwani\\OneDrive\\Desktop\\movie-reservation-system\\src\\repositories\\admin.repository.js","statementMap":{"0":{"start":{"line":1,"column":14},"end":{"line":1,"column":40}},"1":{"start":{"line":2,"column":14},"end":{"line":2,"column":40}},"2":{"start":{"line":6,"column":4},"end":{"line":6,"column":42}},"3":{"start":{"line":9,"column":4},"end":{"line":9,"column":41}},"4":{"start":{"line":12,"column":4},"end":{"line":12,"column":33}},"5":{"start":{"line":15,"column":4},"end":{"line":17,"column":7}},"6":{"start":{"line":20,"column":4},"end":{"line":20,"column":45}},"7":{"start":{"line":23,"column":4},"end":{"line":23,"column":36}},"8":{"start":{"line":26,"column":4},"end":{"line":26,"column":55}},"9":{"start":{"line":30,"column":0},"end":{"line":30,"column":39}}},"fnMap":{"0":{"name":"(anonymous_0)","decl":{"start":{"line":5,"column":2},"end":{"line":5,"column":3}},"loc":{"start":{"line":5,"column":27},"end":{"line":7,"column":3}},"line":5},"1":{"name":"(anonymous_1)","decl":{"start":{"line":8,"column":2},"end":{"line":8,"column":3}},"loc":{"start":{"line":8,"column":26},"end":{"line":10,"column":3}},"line":8},"2":{"name":"(anonymous_2)","decl":{"start":{"line":11,"column":2},"end":{"line":11,"column":3}},"loc":{"start":{"line":11,"column":23},"end":{"line":13,"column":3}},"line":11},"3":{"name":"(anonymous_3)","decl":{"start":{"line":14,"column":2},"end":{"line":14,"column":3}},"loc":{"start":{"line":14,"column":30},"end":{"line":18,"column":3}},"line":14},"4":{"name":"(anonymous_4)","decl":{"start":{"line":19,"column":2},"end":{"line":19,"column":3}},"loc":{"start":{"line":19,"column":30},"end":{"line":21,"column":3}},"line":19},"5":{"name":"(anonymous_5)","decl":{"start":{"line":22,"column":2},"end":{"line":22,"column":3}},"loc":{"start":{"line":22,"column":21},"end":{"line":24,"column":3}},"line":22},"6":{"name":"(anonymous_6)","decl":{"start":{"line":25,"column":2},"end":{"line":25,"column":3}},"loc":{"start":{"line":25,"column":31},"end":{"line":27,"column":3}},"line":25}},"branchMap":{},"s":{"0":1,"1":1,"2":0,"3":0,"4":0,"5":0,"6":0,"7":0,"8":0,"9":1},"f":{"0":0,"1":0,"2":0,"3":0,"4":0,"5":0,"6":0},"b":{},"_coverageSchema":"1a1c01bbd47fc00a2c39e90264f33305004495a9","hash":"7bdde22f2e835862bcfcc40e73463531d80d3a43"}
,"C:\\Users\\longwani\\OneDrive\\Desktop\\movie-reservation-system\\src\\repositories\\movie.repository.js": {"path":"C:\\Users\\longwani\\OneDrive\\Desktop\\movie-reservation-system\\src\\repositories\\movie.repository.js","statementMap":{"0":{"start":{"line":1,"column":14},"end":{"line":1,"column":40}},"1":{"start":{"line":2,"column":14},"end":{"line":2,"column":40}},"2":{"start":{"line":3,"column":13},"end":{"line":3,"column":38}},"3":{"start":{"line":7,"column":4},"end":{"line":7,"column":36}},"4":{"start":{"line":10,"column":4},"end":{"line":12,"column":7}},"5":{"start":{"line":15,"column":4},"end":{"line":15,"column":56}},"6":{"start":{"line":18,"column":4},"end":{"line":18,"column":36}},"7":{"start":{"line":21,"column":4},"end":{"line":21,"column":29}},"8":{"start":{"line":24,"column":4},"end":{"line":24,"column":53}},"9":{"start":{"line":27,"column":4},"end":{"line":27,"column":53}},"10":{"start":{"line":30,"column":4},"end":{"line":30,"column":45}},"11":{"start":{"line":33,"column":4},"end":{"line":46,"column":7}},"12":{"start":{"line":49,"column":4},"end":{"line":49,"column":52}},"13":{"start":{"line":52,"column":4},"end":{"line":52,"column":40}},"14":{"start":{"line":56,"column":0},"end":{"line":56,"column":39}}},"fnMap":{"0":{"name":"(anonymous_0)","decl":{"start":{"line":6,"column":2},"end":{"line":6,"column":3}},"loc":{"start":{"line":6,"column":21},"end":{"line":8,"column":3}},"line":6},"1":{"name":"(anonymous_1)","decl":{"start":{"line":9,"column":2},"end":{"line":9,"column":3}},"loc":{"start":{"line":9,"column":39},"end":{"line":13,"column":3}},"line":9},"2":{"name":"(anonymous_2)","decl":{"start":{"line":14,"column":2},"end":{"line":14,"column":3}},"loc":{"start":{"line":14,"column":32},"end":{"line":16,"column":3}},"line":14},"3":{"name":"(anonymous_3)","decl":{"start":{"line":17,"column":2},"end":{"line":17,"column":3}},"loc":{"start":{"line":17,"column":21},"end":{"line":19,"column":3}},"line":17},"4":{"name":"(anonymous_4)","decl":{"start":{"line":20,"column":2},"end":{"line":20,"column":3}},"loc":{"start":{"line":20,"column":19},"end":{"line":22,"column":3}},"line":20},"5":{"name":"(anonymous_5)","decl":{"start":{"line":23,"column":2},"end":{"line":23,"column":3}},"loc":{"start":{"line":23,"column":41},"end":{"line":25,"column":3}},"line":23},"6":{"name":"(anonymous_6)","decl":{"start":{"line":26,"column":2},"end":{"line":26,"column":3}},"loc":{"start":{"line":26,"column":49},"end":{"line":28,"column":3}},"line":26},"7":{"name":"(anonymous_7)","decl":{"start":{"line":29,"column":2},"end":{"line":29,"column":3}},"loc":{"start":{"line":29,"column":33},"end":{"line":31,"column":3}},"line":29},"8":{"name":"(anonymous_8)","decl":{"start":{"line":32,"column":2},"end":{"line":32,"column":3}},"loc":{"start":{"line":32,"column":31},"end":{"line":47,"column":3}},"line":32},"9":{"name":"(anonymous_9)","decl":{"start":{"line":48,"column":2},"end":{"line":48,"column":3}},"loc":{"start":{"line":48,"column":48},"end":{"line":50,"column":3}},"line":48},"10":{"name":"(anonymous_10)","decl":{"start":{"line":51,"column":2},"end":{"line":51,"column":3}},"loc":{"start":{"line":51,"column":39},"end":{"line":53,"column":3}},"line":51}},"branchMap":{},"s":{"0":1,"1":1,"2":1,"3":0,"4":0,"5":0,"6":0,"7":0,"8":0,"9":0,"10":0,"11":0,"12":0,"13":0,"14":1},"f":{"0":0,"1":0,"2":0,"3":0,"4":0,"5":0,"6":0,"7":0,"8":0,"9":0,"10":0},"b":{},"_coverageSchema":"1a1c01bbd47fc00a2c39e90264f33305004495a9","hash":"3d9079fbff569f4859de6ce63a9e57db451ae08b"}
,"C:\\Users\\longwani\\OneDrive\\Desktop\\movie-reservation-system\\src\\repositories\\user.repository.js": {"path":"C:\\Users\\longwani\\OneDrive\\Desktop\\movie-reservation-system\\src\\repositories\\user.repository.js","statementMap":{"0":{"start":{"line":1,"column":14},"end":{"line":1,"column":40}},"1":{"start":{"line":2,"column":13},"end":{"line":2,"column":38}},"2":{"start":{"line":6,"column":4},"end":{"line":6,"column":41}},"3":{"start":{"line":9,"column":4},"end":{"line":9,"column":39}},"4":{"start":{"line":12,"column":4},"end":{"line":12,"column":29}},"5":{"start":{"line":15,"column":4},"end":{"line":15,"column":44}},"6":{"start":{"line":18,"column":4},"end":{"line":18,"column":56}},"7":{"start":{"line":21,"column":4},"end":{"line":21,"column":52}},"8":{"start":{"line":24,"column":4},"end":{"line":24,"column":53}},"9":{"start":{"line":27,"column":4},"end":{"line":27,"column":40}},"10":{"start":{"line":31,"column":0},"end":{"line":31,"column":38}}},"fnMap":{"0":{"name":"(anonymous_0)","decl":{"start":{"line":5,"column":2},"end":{"line":5,"column":3}},"loc":{"start":{"line":5,"column":27},"end":{"line":7,"column":3}},"line":5},"1":{"name":"(anonymous_1)","decl":{"start":{"line":8,"column":2},"end":{"line":8,"column":3}},"loc":{"start":{"line":8,"column":25},"end":{"line":10,"column":3}},"line":8},"2":{"name":"(anonymous_2)","decl":{"start":{"line":11,"column":2},"end":{"line":11,"column":3}},"loc":{"start":{"line":11,"column":19},"end":{"line":13,"column":3}},"line":11},"3":{"name":"(anonymous_3)","decl":{"start":{"line":14,"column":2},"end":{"line":14,"column":3}},"loc":{"start":{"line":14,"column":30},"end":{"line":16,"column":3}},"line":14},"4":{"name":"(anonymous_4)","decl":{"start":{"line":17,"column":2},"end":{"line":17,"column":3}},"loc":{"start":{"line":17,"column":21},"end":{"line":19,"column":3}},"line":17},"5":{"name":"(anonymous_5)","decl":{"start":{"line":20,"column":2},"end":{"line":20,"column":3}},"loc":{"start":{"line":20,"column":41},"end":{"line":22,"column":3}},"line":20},"6":{"name":"(anonymous_6)","decl":{"start":{"line":23,"column":2},"end":{"line":23,"column":3}},"loc":{"start":{"line":23,"column":49},"end":{"line":25,"column":3}},"line":23},"7":{"name":"(anonymous_7)","decl":{"start":{"line":26,"column":2},"end":{"line":26,"column":3}},"loc":{"start":{"line":26,"column":39},"end":{"line":28,"column":3}},"line":26}},"branchMap":{},"s":{"0":1,"1":1,"2":0,"3":0,"4":0,"5":0,"6":0,"7":0,"8":0,"9":0,"10":1},"f":{"0":0,"1":0,"2":0,"3":0,"4":0,"5":0,"6":0,"7":0},"b":{},"_coverageSchema":"1a1c01bbd47fc00a2c39e90264f33305004495a9","hash":"f7309c0adcebc5d4d5f4e003fd6f95b5db13d7d3"}
,"C:\\Users\\longwani\\OneDrive\\Desktop\\movie-reservation-system\\src\\routes\\admin.js": {"path":"C:\\Users\\longwani\\OneDrive\\Desktop\\movie-reservation-system\\src\\routes\\admin.js","statementMap":{"0":{"start":{"line":1,"column":16},"end":{"line":1,"column":34}},"1":{"start":{"line":2,"column":15},"end":{"line":2,"column":31}},"2":{"start":{"line":4,"column":32},"end":{"line":4,"column":61}},"3":{"start":{"line":5,"column":17},"end":{"line":5,"column":50}},"4":{"start":{"line":9,"column":4},"end":{"line":9,"column":46}},"5":{"start":{"line":17,"column":4},"end":{"line":17,"column":46}},"6":{"start":{"line":19,"column":0},"end":{"line":19,"column":71}},"7":{"start":{"line":21,"column":0},"end":{"line":21,"column":62}},"8":{"start":{"line":23,"column":0},"end":{"line":23,"column":59}},"9":{"start":{"line":25,"column":0},"end":{"line":25,"column":69}},"10":{"start":{"line":27,"column":0},"end":{"line":27,"column":50}},"11":{"start":{"line":29,"column":0},"end":{"line":35,"column":3}},"12":{"start":{"line":30,"column":2},"end":{"line":30,"column":27}},"13":{"start":{"line":31,"column":2},"end":{"line":34,"column":5}},"14":{"start":{"line":37,"column":0},"end":{"line":37,"column":24}}},"fnMap":{"0":{"name":"(anonymous_0)","decl":{"start":{"line":29,"column":23},"end":{"line":29,"column":24}},"loc":{"start":{"line":29,"column":37},"end":{"line":35,"column":1}},"line":29}},"branchMap":{},"s":{"0":1,"1":1,"2":1,"3":1,"4":1,"5":1,"6":1,"7":1,"8":1,"9":1,"10":1,"11":1,"12":0,"13":0,"14":1},"f":{"0":0},"b":{},"_coverageSchema":"1a1c01bbd47fc00a2c39e90264f33305004495a9","hash":"2787452521bc6bfe79c434c9cc82181401e97df9"}
,"C:\\Users\\longwani\\OneDrive\\Desktop\\movie-reservation-system\\src\\routes\\movie-listing.js": {"path":"C:\\Users\\longwani\\OneDrive\\Desktop\\movie-reservation-system\\src\\routes\\movie-listing.js","statementMap":{"0":{"start":{"line":1,"column":16},"end":{"line":1,"column":34}},"1":{"start":{"line":2,"column":15},"end":{"line":2,"column":31}},"2":{"start":{"line":3,"column":40},"end":{"line":3,"column":69}},"3":{"start":{"line":10,"column":4},"end":{"line":10,"column":46}},"4":{"start":{"line":11,"column":17},"end":{"line":11,"column":50}},"5":{"start":{"line":19,"column":4},"end":{"line":19,"column":46}},"6":{"start":{"line":22,"column":0},"end":{"line":22,"column":30}},"7":{"start":{"line":23,"column":0},"end":{"line":29,"column":2}},"8":{"start":{"line":30,"column":0},"end":{"line":38,"column":2}},"9":{"start":{"line":39,"column":0},"end":{"line":45,"column":2}},"10":{"start":{"line":48,"column":0},"end":{"line":53,"column":2}},"11":{"start":{"line":55,"column":0},"end":{"line":61,"column":2}},"12":{"start":{"line":62,"column":0},"end":{"line":62,"column":24}}},"fnMap":{},"branchMap":{},"s":{"0":1,"1":1,"2":1,"3":1,"4":1,"5":1,"6":1,"7":1,"8":1,"9":1,"10":1,"11":1,"12":1},"f":{},"b":{},"_coverageSchema":"1a1c01bbd47fc00a2c39e90264f33305004495a9","hash":"47406315ac93e64c7a8d363ff2a272c0f18245b5"}
,"C:\\Users\\longwani\\OneDrive\\Desktop\\movie-reservation-system\\src\\routes\\user.js": {"path":"C:\\Users\\longwani\\OneDrive\\Desktop\\movie-reservation-system\\src\\routes\\user.js","statementMap":{"0":{"start":{"line":1,"column":16},"end":{"line":1,"column":34}},"1":{"start":{"line":2,"column":15},"end":{"line":2,"column":31}},"2":{"start":{"line":3,"column":17},"end":{"line":3,"column":50}},"3":{"start":{"line":4,"column":31},"end":{"line":4,"column":60}},"4":{"start":{"line":9,"column":4},"end":{"line":9,"column":45}},"5":{"start":{"line":17,"column":4},"end":{"line":17,"column":45}},"6":{"start":{"line":19,"column":0},"end":{"line":19,"column":69}},"7":{"start":{"line":20,"column":0},"end":{"line":20,"column":60}},"8":{"start":{"line":21,"column":0},"end":{"line":21,"column":49}},"9":{"start":{"line":22,"column":0},"end":{"line":22,"column":64}},"10":{"start":{"line":23,"column":0},"end":{"line":29,"column":2}},"11":{"start":{"line":30,"column":0},"end":{"line":30,"column":50}},"12":{"start":{"line":32,"column":0},"end":{"line":38,"column":3}},"13":{"start":{"line":33,"column":2},"end":{"line":33,"column":27}},"14":{"start":{"line":34,"column":2},"end":{"line":37,"column":5}},"15":{"start":{"line":40,"column":0},"end":{"line":40,"column":24}}},"fnMap":{"0":{"name":"(anonymous_0)","decl":{"start":{"line":32,"column":23},"end":{"line":32,"column":24}},"loc":{"start":{"line":32,"column":37},"end":{"line":38,"column":1}},"line":32}},"branchMap":{},"s":{"0":1,"1":1,"2":1,"3":1,"4":1,"5":1,"6":1,"7":1,"8":1,"9":1,"10":1,"11":1,"12":1,"13":0,"14":0,"15":1},"f":{"0":0},"b":{},"_coverageSchema":"1a1c01bbd47fc00a2c39e90264f33305004495a9","hash":"33cf24b5e7dd6cb5133be981ce88a4afe7a3ecc5"}
,"C:\\Users\\longwani\\OneDrive\\Desktop\\movie-reservation-system\\src\\utils\\appError.js": {"path":"C:\\Users\\longwani\\OneDrive\\Desktop\\movie-reservation-system\\src\\utils\\appError.js","statementMap":{"0":{"start":{"line":3,"column":4},"end":{"line":3,"column":19}},"1":{"start":{"line":4,"column":4},"end":{"line":4,"column":33}},"2":{"start":{"line":8,"column":0},"end":{"line":8,"column":26}}},"fnMap":{"0":{"name":"(anonymous_0)","decl":{"start":{"line":2,"column":2},"end":{"line":2,"column":3}},"loc":{"start":{"line":2,"column":35},"end":{"line":5,"column":3}},"line":2}},"branchMap":{},"s":{"0":1,"1":1,"2":2},"f":{"0":1},"b":{},"_coverageSchema":"1a1c01bbd47fc00a2c39e90264f33305004495a9","hash":"76e38b0654c436e86be7ea1a9ed3f25b8eb28dea"}
,"C:\\Users\\longwani\\OneDrive\\Desktop\\movie-reservation-system\\src\\utils\\generateToken.js": {"path":"C:\\Users\\longwani\\OneDrive\\Desktop\\movie-reservation-system\\src\\utils\\generateToken.js","statementMap":{"0":{"start":{"line":1,"column":10},"end":{"line":1,"column":33}},"1":{"start":{"line":3,"column":20},"end":{"line":3,"column":51}},"2":{"start":{"line":4,"column":2},"end":{"line":6,"column":5}},"3":{"start":{"line":10,"column":20},"end":{"line":10,"column":52}},"4":{"start":{"line":11,"column":2},"end":{"line":13,"column":5}},"5":{"start":{"line":15,"column":0},"end":{"line":15,"column":63}}},"fnMap":{"0":{"name":"generateAccessToken","decl":{"start":{"line":2,"column":9},"end":{"line":2,"column":28}},"loc":{"start":{"line":2,"column":34},"end":{"line":7,"column":1}},"line":2},"1":{"name":"generateRefreshToken","decl":{"start":{"line":9,"column":9},"end":{"line":9,"column":29}},"loc":{"start":{"line":9,"column":35},"end":{"line":14,"column":1}},"line":9}},"branchMap":{},"s":{"0":1,"1":0,"2":0,"3":0,"4":0,"5":1},"f":{"0":0,"1":0},"b":{},"_coverageSchema":"1a1c01bbd47fc00a2c39e90264f33305004495a9","hash":"38ab00793b83eae03df124da92603953abdeac59"}
,"C:\\Users\\longwani\\OneDrive\\Desktop\\movie-reservation-system\\src\\validations\\admin.validation.js": {"path":"C:\\Users\\longwani\\OneDrive\\Desktop\\movie-reservation-system\\src\\validations\\admin.validation.js","statementMap":{"0":{"start":{"line":1,"column":12},"end":{"line":1,"column":26}},"1":{"start":{"line":3,"column":28},"end":{"line":9,"column":2}},"2":{"start":{"line":11,"column":25},"end":{"line":14,"column":2}},"3":{"start":{"line":16,"column":0},"end":{"line":16,"column":59}}},"fnMap":{},"branchMap":{},"s":{"0":1,"1":1,"2":1,"3":1},"f":{},"b":{},"_coverageSchema":"1a1c01bbd47fc00a2c39e90264f33305004495a9","hash":"f99ad4970cf0aaa700748e6e53ae5da76b215b3f"}
,"C:\\Users\\longwani\\OneDrive\\Desktop\\movie-reservation-system\\src\\validations\\movie.validation.js": {"path":"C:\\Users\\longwani\\OneDrive\\Desktop\\movie-reservation-system\\src\\validations\\movie.validation.js","statementMap":{"0":{"start":{"line":1,"column":12},"end":{"line":1,"column":26}},"1":{"start":{"line":2,"column":19},"end":{"line":8,"column":2}},"2":{"start":{"line":10,"column":26},"end":{"line":18,"column":2}},"3":{"start":{"line":20,"column":26},"end":{"line":28,"column":9}},"4":{"start":{"line":30,"column":23},"end":{"line":34,"column":2}},"5":{"start":{"line":36,"column":28},"end":{"line":38,"column":2}},"6":{"start":{"line":40,"column":24},"end":{"line":42,"column":2}},"7":{"start":{"line":44,"column":0},"end":{"line":50,"column":2}}},"fnMap":{},"branchMap":{},"s":{"0":1,"1":1,"2":1,"3":1,"4":1,"5":1,"6":1,"7":1},"f":{},"b":{},"_coverageSchema":"1a1c01bbd47fc00a2c39e90264f33305004495a9","hash":"2296b96ec3861a6a7a41d95b4fc5a58ddae6c51a"}
,"C:\\Users\\longwani\\OneDrive\\Desktop\\movie-reservation-system\\src\\validations\\user.validation.js": {"path":"C:\\Users\\longwani\\OneDrive\\Desktop\\movie-reservation-system\\src\\validations\\user.validation.js","statementMap":{"0":{"start":{"line":1,"column":12},"end":{"line":1,"column":26}},"1":{"start":{"line":3,"column":27},"end":{"line":7,"column":2}},"2":{"start":{"line":9,"column":24},"end":{"line":12,"column":2}},"3":{"start":{"line":14,"column":34},"end":{"line":16,"column":2}},"4":{"start":{"line":18,"column":0},"end":{"line":22,"column":2}}},"fnMap":{},"branchMap":{},"s":{"0":1,"1":1,"2":1,"3":1,"4":1},"f":{},"b":{},"_coverageSchema":"1a1c01bbd47fc00a2c39e90264f33305004495a9","hash":"4f4e142a8caad864f65e8f555609786aac0d31a2"}
}
